This is TeX, Version 3.14159265 (TeX Live 2019/Debian) (preloaded format=tex 2020.12.25)  25 DEC 2020 16:04
**submission_template_hw0.tex
(./submission_template_hw0.tex
! Undefined control sequence.
l.1 \documentclass
                  [11pt]{article}
? 
! Undefined control sequence.
l.2 \usepackage
               {amsmath}
? 
! Undefined control sequence.
l.3 \usepackage
               {amssymb}
? 
! Undefined control sequence.
l.4 \usepackage
               {graphicx}
? 
! Undefined control sequence.
l.5 \usepackage
               {fancyhdr}
? 
! Undefined control sequence.
l.6 \usepackage
               {enumerate}
? 
! Undefined control sequence.
l.7 \usepackage
               [colorlinks=true,urlcolor=blue]{hyperref}
? 
! Undefined control sequence.
l.14 \newcommand
                {\addinformationsheet}{
? 
! Undefined control sequence.
l.14 \newcommand{\addinformationsheet
                                     }{
? 
! Undefined control sequence.
l.15 \clearpage
               
? 
! Undefined control sequence.
l.16 \thispagestyle
                   {empty}
? 
! Undefined control sequence.
l.17 \begin
           {center}
? 
! Undefined control sequence.
l.18 \LARGE
           {\bf \textsf{Information sheet\\CS224W: Machine Learning with Gra...

? 
! Undefined control sequence.
l.18 \LARGE{\bf \textsf
                       {Information sheet\\CS224W: Machine Learning with Gra...

? 
! Argument of \\ has an extra }.
<inserted text> 
                \par 
<to be read again> 
                   }
l.18 ...eet\\CS224W: Machine Learning with Graphs}
                                                  } \\*[4ex]
? 
Runaway argument?
CS224W: Machine Learning with Graphs
! Paragraph ended before \\ was complete.
<to be read again> 
                   \par 
<to be read again> 
                   }
l.18 ...eet\\CS224W: Machine Learning with Graphs}
                                                  } \\*[4ex]
? 
! Argument of \\ has an extra }.
<inserted text> 
                \par 
<to be read again> 
                   }
l.30 }
      
? 
Runaway argument?
*[4ex] \end {center} \vfill \textbf {Assignment Submission } Fill in \ETC.
! Paragraph ended before \\ was complete.
<to be read again> 
                   \par 
<to be read again> 
                   }
l.30 }
      
? 
! Undefined control sequence.
l.34 \oddsidemargin
                     0in \evensidemargin 0in \topmargin -0.5in
? 
! Undefined control sequence.
l.34 \oddsidemargin  0in \evensidemargin
                                         0in \topmargin -0.5in
? 
! Undefined control sequence.
l.34 ...margin  0in \evensidemargin 0in \topmargin
                                                   -0.5in
? 
! Undefined control sequence.
l.35 \headheight
                 0.25in \headsep 0.25in
? 
! Undefined control sequence.
l.35 \headheight 0.25in \headsep
                                 0.25in
? 
! Undefined control sequence.
l.36 \textwidth
                  6.5in \textheight 9in
? 
! Undefined control sequence.
l.36 \textwidth   6.5in \textheight
                                    9in
? 
! Undefined control sequence.
l.37 \parskip 1.5ex  \parindent 0ex \footskip
                                              20pt
? 
! Undefined control sequence.
l.41 \newcommand
                {\problemnumber}{0}
? 
! Undefined control sequence.
l.41 \newcommand{\problemnumber
                               }{0}
? 
! Undefined control sequence.
l.42 \newcommand
                {\myname}{name}
? 
! Undefined control sequence.
l.42 \newcommand{\myname
                        }{name}
? 
! Undefined control sequence.
l.43 \newfont
             {\myfont}{cmssbx10 scaled 1200}
? 
! Undefined control sequence.
l.43 \newfont{\myfont
                     }{cmssbx10 scaled 1200}
? 
! Undefined control sequence.
l.44 \pagestyle
               {fancy}
? 
! Undefined control sequence.
l.45 \fancyhead
               {}
? 
! Undefined control sequence.
l.46 \fancyhead
               [L]{\myfont Question \problemnumber, Homework 0, CS224W}
? 
! Undefined control sequence.
l.46 \fancyhead[L]{\myfont
                           Question \problemnumber, Homework 0, CS224W}
? 
! Undefined control sequence.
l.46 \fancyhead[L]{\myfont Question \problemnumber
                                                  , Homework 0, CS224W}
? 
! Undefined control sequence.
l.48 \newcommand
                {\newquestion}[1]{
? 
! Undefined control sequence.
l.48 \newcommand{\newquestion
                             }[1]{
? 
! Undefined control sequence.
l.49 \clearpage
                % page break and flush floats
? 
! Undefined control sequence.
l.50 \renewcommand
                  {\problemnumber}{#1} % set problem number for header
? 
! Undefined control sequence.
l.50 \renewcommand{\problemnumber
                                 }{#1} % set problem number for header
? 
! You can't use `macro parameter character #' in horizontal mode.
l.50 \renewcommand{\problemnumber}{#
                                    1} % set problem number for header
? 
! Undefined control sequence.
l.59 \begin
           {document}
? 
! Undefined control sequence.
l.62 \newquestion
                 {1.1}
? 
! Undefined control sequence.
l.65 \newquestion
                 {1.2}
? 
! Undefined control sequence.
l.68 \newquestion
                 {1.3}
? 
! Undefined control sequence.
l.71 \newquestion
                 {1.4}
? 
! Undefined control sequence.
l.74 \newquestion
                 {1.5}
? 
! Undefined control sequence.
l.77 \newquestion
                 {1.6}
? 
! Undefined control sequence.
l.80 \newquestion
                 {1.7}
? 
! Undefined control sequence.
l.83 \newquestion
                 {1.8}
? 
! Undefined control sequence.
l.86 \newquestion
                 {1.9}
? 
! Undefined control sequence.
l.89 \newquestion
                 {2.1}
? 
! Undefined control sequence.
l.92 \newquestion
                 {2.2}
? 
! Undefined control sequence.
l.95 \newquestion
                 {3.1}
? 
! Undefined control sequence.
l.98 \newquestion
                 {3.2}
? 
! Undefined control sequence.
l.101 \newquestion
                  {3.3}
? 
! Undefined control sequence.
l.104 \newquestion
                  {3.4}
? 
! Undefined control sequence.
l.108 \addinformationsheet
                          
? 
! Undefined control sequence.
l.109 {\Large
             
? 
! Undefined control sequence.
l.110 \textbf
             {Your name:} \hrulefill  % Put your name here
? 
! Argument of \\ has an extra }.
<inserted text> 
                \par 
<to be read again> 
                   }
l.116 }
       
? 
Runaway argument?
 \\ \textbf {Email:} \underline {\hspace *{7cm}} \textbf {SUID:} \hrulefill \ET
C.
! Paragraph ended before \\ was complete.
<to be read again> 
                   \par 
<to be read again> 
                   }
l.116 }
       
? 
Runaway argument?
 \vfill \vfill I acknowledge and accept the Honor Code.\\*[3ex] \bigskip \ETC.
! Paragraph ended before \\ was complete.
<to be read again> 
                   \par 
l.125 
      
? 
[1] )
Output written on submission_template_hw0.dvi (1 page, 704 bytes).
